<?xml version="1.0" encoding="UTF-8"?>
<testng-results ignored="0" total="2" passed="2" failed="0" skipped="0">
  <reporter-output>
  </reporter-output>
  <suite started-at="2023-06-09T15:57:43Z" name="Suite" finished-at="2023-06-09T15:57:43Z" duration-ms="12">
    <groups>
    </groups>
    <test started-at="2023-06-09T15:57:43Z" name="Test" finished-at="2023-06-09T15:57:43Z" duration-ms="12">
      <class name="selenium.Test1">
        <test-method is-config="true" signature="beforeSuite()[pri:0, instance:selenium.Test1@ea1a8d5]" started-at="2023-06-09T15:57:43Z" name="beforeSuite" finished-at="2023-06-09T15:57:43Z" duration-ms="8" status="PASS">
          <reporter-output>
          </reporter-output>
        </test-method> <!-- beforeSuite -->
        <test-method is-config="true" signature="beforeTest()[pri:0, instance:selenium.Test1@ea1a8d5]" started-at="2023-06-09T15:57:43Z" name="beforeTest" finished-at="2023-06-09T15:57:43Z" duration-ms="0" status="PASS">
          <reporter-output>
          </reporter-output>
        </test-method> <!-- beforeTest -->
        <test-method is-config="true" signature="beforeClass()[pri:0, instance:selenium.Test1@ea1a8d5]" started-at="2023-06-09T15:57:43Z" name="beforeClass" finished-at="2023-06-09T15:57:43Z" duration-ms="0" status="PASS">
          <reporter-output>
          </reporter-output>
        </test-method> <!-- beforeClass -->
        <test-method is-config="true" signature="beforeMethod()[pri:0, instance:selenium.Test1@ea1a8d5]" started-at="2023-06-09T15:57:43Z" name="beforeMethod" finished-at="2023-06-09T15:57:43Z" duration-ms="1" status="PASS">
          <reporter-output>
          </reporter-output>
        </test-method> <!-- beforeMethod -->
        <test-method is-config="true" signature="beforeMethod()[pri:0, instance:selenium.Test1@ea1a8d5]" started-at="2023-06-09T15:57:43Z" name="beforeMethod" finished-at="2023-06-09T15:57:43Z" duration-ms="0" status="PASS">
          <reporter-output>
          </reporter-output>
        </test-method> <!-- beforeMethod -->
        <test-method signature="test2()[pri:0, instance:selenium.Test1@ea1a8d5]" started-at="2023-06-09T15:57:43Z" name="test2" finished-at="2023-06-09T15:57:43Z" duration-ms="0" status="PASS">
          <reporter-output>
          </reporter-output>
        </test-method> <!-- test2 -->
        <test-method is-config="true" signature="afterMethod()[pri:0, instance:selenium.Test1@ea1a8d5]" started-at="2023-06-09T15:57:43Z" name="afterMethod" finished-at="2023-06-09T15:57:43Z" duration-ms="0" status="PASS">
          <reporter-output>
          </reporter-output>
        </test-method> <!-- afterMethod -->
        <test-method signature="test1()[pri:0, instance:selenium.Test1@ea1a8d5]" started-at="2023-06-09T15:57:43Z" name="test1" finished-at="2023-06-09T15:57:43Z" duration-ms="0" status="PASS">
          <reporter-output>
          </reporter-output>
        </test-method> <!-- test1 -->
        <test-method is-config="true" signature="afterClass()[pri:0, instance:selenium.Test1@ea1a8d5]" started-at="2023-06-09T15:57:43Z" name="afterClass" finished-at="2023-06-09T15:57:43Z" duration-ms="0" status="PASS">
          <reporter-output>
          </reporter-output>
        </test-method> <!-- afterClass -->
        <test-method is-config="true" signature="afterMethod()[pri:0, instance:selenium.Test1@ea1a8d5]" started-at="2023-06-09T15:57:43Z" name="afterMethod" finished-at="2023-06-09T15:57:43Z" duration-ms="0" status="PASS">
          <reporter-output>
          </reporter-output>
        </test-method> <!-- afterMethod -->
        <test-method is-config="true" signature="afterTest()[pri:0, instance:selenium.Test1@ea1a8d5]" started-at="2023-06-09T15:57:43Z" name="afterTest" finished-at="2023-06-09T15:57:43Z" duration-ms="2" status="PASS">
          <reporter-output>
          </reporter-output>
        </test-method> <!-- afterTest -->
        <test-method is-config="true" signature="afterSuite()[pri:0, instance:selenium.Test1@ea1a8d5]" started-at="2023-06-09T15:57:43Z" name="afterSuite" finished-at="2023-06-09T15:57:43Z" duration-ms="0" status="PASS">
          <reporter-output>
          </reporter-output>
        </test-method> <!-- afterSuite -->
      </class> <!-- selenium.Test1 -->
    </test> <!-- Test -->
  </suite> <!-- Suite -->
</testng-results>
